<?xml version="1.0" encoding="UTF-8"?>
<testng-results ignored="0" total="1" passed="1" failed="0" skipped="0">
  <reporter-output>
  </reporter-output>
  <suite started-at="2022-10-14T04:13:23Z" name="Default suite" finished-at="2022-10-14T04:14:21Z" duration-ms="58328">
    <groups>
    </groups>
    <test started-at="2022-10-14T04:13:23Z" name="Default test" finished-at="2022-10-14T04:14:21Z" duration-ms="58328">
      <class name="Practice.Scanerclass">
        <test-method signature="asc()[pri:0, instance:Practice.Scanerclass@65d6b83b]" started-at="2022-10-14T09:43:23Z" name="asc" finished-at="2022-10-14T09:44:21Z" duration-ms="58312" status="PASS">
          <reporter-output>
          </reporter-output>
        </test-method> <!-- asc -->
      </class> <!-- Practice.Scanerclass -->
    </test> <!-- Default test -->
  </suite> <!-- Default suite -->
</testng-results>
